# JRE version: OpenJDK Runtime Environment (8.0_152-b06) (build 1.8.0_152-release-1136-b06)
# Java VM: OpenJDK 64-Bit Server VM (25.152-b06 mixed mode windows-amd64 compressed oops)
Heap:
 PSYoungGen      total 463872K, used 227885K [0x00000000e0000000, 0x0000000100000000, 0x0000000100000000)
  eden space 425984K, 52% used [0x00000000e0000000,0x00000000ed8e73e8,0x00000000fa000000)
  from space 37888K, 15% used [0x00000000fa000000,0x00000000fa5a4070,0x00000000fc500000)
  to   space 37376K, 0% used [0x00000000fdb80000,0x00000000fdb80000,0x0000000100000000)
 ParOldGen       total 130048K, used 87817K [0x00000000a0000000, 0x00000000a7f00000, 0x00000000e0000000)
  object space 130048K, 67% used [0x00000000a0000000,0x00000000a55c2410,0x00000000a7f00000)
 Metaspace       used 98586K, capacity 105744K, committed 105880K, reserved 1140736K
  class space    used 12410K, capacity 13911K, committed 14000K, reserved 1048576K
GC Heap History (10 events):
Event: 6111.847 GC heap before
{Heap before GC invocations=47 (full 4):
 PSYoungGen      total 348160K, used 332784K [0x00000000e0000000, 0x00000000f7d80000, 0x0000000100000000)
  eden space 309760K, 100% used [0x00000000e0000000,0x00000000f2e80000,0x00000000f2e80000)
  from space 38400K, 59% used [0x00000000f5800000,0x00000000f6e7c148,0x00000000f7d80000)
  to   space 40448K, 0% used [0x00000000f2e80000,0x00000000f2e80000,0x00000000f5600000)
 ParOldGen       total 130048K, used 72245K [0x00000000a0000000, 0x00000000a7f00000, 0x00000000e0000000)
  object space 130048K, 55% used [0x00000000a0000000,0x00000000a468d630,0x00000000a7f00000)
 Metaspace       used 97558K, capacity 104034K, committed 104088K, reserved 1140736K
  class space    used 12307K, capacity 13744K, committed 13744K, reserved 1048576K
Event: 6114.227 GC heap after
Heap after GC invocations=47 (full 4):
 PSYoungGen      total 350208K, used 21680K [0x00000000e0000000, 0x00000000fb580000, 0x0000000100000000)
  eden space 309760K, 0% used [0x00000000e0000000,0x00000000e0000000,0x00000000f2e80000)
  from space 40448K, 53% used [0x00000000f2e80000,0x00000000f43ac260,0x00000000f5600000)
  to   space 39424K, 0% used [0x00000000f8f00000,0x00000000f8f00000,0x00000000fb580000)
 ParOldGen       total 130048K, used 73189K [0x00000000a0000000, 0x00000000a7f00000, 0x00000000e0000000)
  object space 130048K, 56% used [0x00000000a0000000,0x00000000a4779630,0x00000000a7f00000)
 Metaspace       used 97558K, capacity 104034K, committed 104088K, reserved 1140736K
  class space    used 12307K, capacity 13744K, committed 13744K, reserved 1048576K
}
Event: 7117.466 GC heap before
{Heap before GC invocations=48 (full 4):
 PSYoungGen      total 350208K, used 331440K [0x00000000e0000000, 0x00000000fb580000, 0x0000000100000000)
  eden space 309760K, 100% used [0x00000000e0000000,0x00000000f2e80000,0x00000000f2e80000)
  from space 40448K, 53% used [0x00000000f2e80000,0x00000000f43ac260,0x00000000f5600000)
  to   space 39424K, 0% used [0x00000000f8f00000,0x00000000f8f00000,0x00000000fb580000)
 ParOldGen       total 130048K, used 73189K [0x00000000a0000000, 0x00000000a7f00000, 0x00000000e0000000)
  object space 130048K, 56% used [0x00000000a0000000,0x00000000a4779630,0x00000000a7f00000)
 Metaspace       used 97907K, capacity 104704K, committed 104984K, reserved 1140736K
  class space    used 12349K, capacity 13813K, committed 13872K, reserved 1048576K
Event: 7118.245 GC heap after
Heap after GC invocations=48 (full 4):
 PSYoungGen      total 403456K, used 6512K [0x00000000e0000000, 0x00000000fb300000, 0x0000000100000000)
  eden space 366592K, 0% used [0x00000000e0000000,0x00000000e0000000,0x00000000f6600000)
  from space 36864K, 17% used [0x00000000f8f00000,0x00000000f955c060,0x00000000fb300000)
  to   space 39424K, 0% used [0x00000000f6600000,0x00000000f6600000,0x00000000f8c80000)
 ParOldGen       total 130048K, used 85582K [0x00000000a0000000, 0x00000000a7f00000, 0x00000000e0000000)
  object space 130048K, 65% used [0x00000000a0000000,0x00000000a5393a50,0x00000000a7f00000)
 Metaspace       used 97907K, capacity 104704K, committed 104984K, reserved 1140736K
  class space    used 12349K, capacity 13813K, committed 13872K, reserved 1048576K
}
Event: 7345.461 GC heap before
{Heap before GC invocations=49 (full 4):
 PSYoungGen      total 403456K, used 372686K [0x00000000e0000000, 0x00000000fb300000, 0x0000000100000000)
  eden space 366592K, 99% used [0x00000000e0000000,0x00000000f65978b8,0x00000000f6600000)
  from space 36864K, 17% used [0x00000000f8f00000,0x00000000f955c060,0x00000000fb300000)
  to   space 39424K, 0% used [0x00000000f6600000,0x00000000f6600000,0x00000000f8c80000)
 ParOldGen       total 130048K, used 85582K [0x00000000a0000000, 0x00000000a7f00000, 0x00000000e0000000)
  object space 130048K, 65% used [0x00000000a0000000,0x00000000a5393a50,0x00000000a7f00000)
 Metaspace       used 98042K, capacity 104906K, committed 104984K, reserved 1140736K
  class space    used 12357K, capacity 13814K, committed 13872K, reserved 1048576K
Event: 7345.907 GC heap after
Heap after GC invocations=49 (full 4):
 PSYoungGen      total 406016K, used 7528K [0x00000000e0000000, 0x00000000ff000000, 0x0000000100000000)
  eden space 366592K, 0% used [0x00000000e0000000,0x00000000e0000000,0x00000000f6600000)
  from space 39424K, 19% used [0x00000000f6600000,0x00000000f6d5a1b8,0x00000000f8c80000)
  to   space 38912K, 0% used [0x00000000fca00000,0x00000000fca00000,0x00000000ff000000)
 ParOldGen       total 130048K, used 85939K [0x00000000a0000000, 0x00000000a7f00000, 0x00000000e0000000)
  object space 130048K, 66% used [0x00000000a0000000,0x00000000a53ecf28,0x00000000a7f00000)
 Metaspace       used 98042K, capacity 104906K, committed 104984K, reserved 1140736K
  class space    used 12357K, capacity 13814K, committed 13872K, reserved 1048576K
}
Event: 7359.532 GC heap before
{Heap before GC invocations=50 (full 4):
 PSYoungGen      total 406016K, used 373790K [0x00000000e0000000, 0x00000000ff000000, 0x0000000100000000)
  eden space 366592K, 99% used [0x00000000e0000000,0x00000000f65ad658,0x00000000f6600000)
  from space 39424K, 19% used [0x00000000f6600000,0x00000000f6d5a1b8,0x00000000f8c80000)
  to   space 38912K, 0% used [0x00000000fca00000,0x00000000fca00000,0x00000000ff000000)
 ParOldGen       total 130048K, used 85939K [0x00000000a0000000, 0x00000000a7f00000, 0x00000000e0000000)
  object space 130048K, 66% used [0x00000000a0000000,0x00000000a53ecf28,0x00000000a7f00000)
 Metaspace       used 98191K, capacity 105042K, committed 105240K, reserved 1140736K
  class space    used 12363K, capacity 13826K, committed 13872K, reserved 1048576K
Event: 7359.559 GC heap after
Heap after GC invocations=50 (full 4):
 PSYoungGen      total 458752K, used 9140K [0x00000000e0000000, 0x00000000fea00000, 0x0000000100000000)
  eden space 425984K, 0% used [0x00000000e0000000,0x00000000e0000000,0x00000000fa000000)
  from space 32768K, 27% used [0x00000000fca00000,0x00000000fd2ed348,0x00000000fea00000)
  to   space 37888K, 0% used [0x00000000fa000000,0x00000000fa000000,0x00000000fc500000)
 ParOldGen       total 130048K, used 86968K [0x00000000a0000000, 0x00000000a7f00000, 0x00000000e0000000)
  object space 130048K, 66% used [0x00000000a0000000,0x00000000a54ee008,0x00000000a7f00000)
 Metaspace       used 98191K, capacity 105042K, committed 105240K, reserved 1140736K
  class space    used 12363K, capacity 13826K, committed 13872K, reserved 1048576K
}
Event: 8264.518 GC heap before
{Heap before GC invocations=51 (full 4):
 PSYoungGen      total 458752K, used 435124K [0x00000000e0000000, 0x00000000fea00000, 0x0000000100000000)
  eden space 425984K, 100% used [0x00000000e0000000,0x00000000fa000000,0x00000000fa000000)
  from space 32768K, 27% used [0x00000000fca00000,0x00000000fd2ed348,0x00000000fea00000)
  to   space 37888K, 0% used [0x00000000fa000000,0x00000000fa000000,0x00000000fc500000)
 ParOldGen       total 130048K, used 86968K [0x00000000a0000000, 0x00000000a7f00000, 0x00000000e0000000)
  object space 130048K, 66% used [0x00000000a0000000,0x00000000a54ee008,0x00000000a7f00000)
 Metaspace       used 98383K, capacity 105334K, committed 105496K, reserved 1140736K
  class space    used 12385K, capacity 13864K, committed 13872K, reserved 1048576K
Event: 8265.275 GC heap after
Heap after GC invocations=51 (full 4):
 PSYoungGen      total 463872K, used 5776K [0x00000000e0000000, 0x0000000100000000, 0x0000000100000000)
  eden space 425984K, 0% used [0x00000000e0000000,0x00000000e0000000,0x00000000fa000000)
  from space 37888K, 15% used [0x00000000fa000000,0x00000000fa5a4070,0x00000000fc500000)
  to   space 37376K, 0% used [0x00000000fdb80000,0x00000000fdb80000,0x0000000100000000)
 ParOldGen       total 130048K, used 87817K [0x00000000a0000000, 0x00000000a7f00000, 0x00000000e0000000)
  object space 130048K, 67% used [0x00000000a0000000,0x00000000a55c2410,0x00000000a7f00000)
 Metaspace       used 98383K, capacity 105334K, committed 105496K, reserved 1140736K
  class space    used 12385K, capacity 13864K, committed 13872K, reserved 1048576K
}

