# JRE version: OpenJDK Runtime Environment (8.0_152-b06) (build 1.8.0_152-release-1136-b06)
# Java VM: OpenJDK 64-Bit Server VM (25.152-b06 mixed mode windows-amd64 compressed oops)
Heap:
 PSYoungGen      total 159744K, used 63210K [0x00000000e0000000, 0x00000000eb980000, 0x0000000100000000)
  eden space 151040K, 36% used [0x00000000e0000000,0x00000000e359b950,0x00000000e9380000)
  from space 8704K, 95% used [0x00000000e9a00000,0x00000000ea21f190,0x00000000ea280000)
  to   space 18432K, 0% used [0x00000000ea780000,0x00000000ea780000,0x00000000eb980000)
 ParOldGen       total 90112K, used 48655K [0x00000000a0000000, 0x00000000a5800000, 0x00000000e0000000)
  object space 90112K, 53% used [0x00000000a0000000,0x00000000a2f83e00,0x00000000a5800000)
 Metaspace       used 78952K, capacity 81934K, committed 82072K, reserved 1120256K
  class space    used 10308K, capacity 10926K, committed 10928K, reserved 1048576K
GC Heap History (10 events):
Event: 40.687 GC heap before
{Heap before GC invocations=18 (full 3):
 PSYoungGen      total 151552K, used 4755K [0x00000000e0000000, 0x00000000ecb80000, 0x0000000100000000)
  eden space 136704K, 0% used [0x00000000e0000000,0x00000000e0000000,0x00000000e8580000)
  from space 14848K, 32% used [0x00000000e8580000,0x00000000e8a24d50,0x00000000e9400000)
  to   space 14336K, 0% used [0x00000000ebd80000,0x00000000ebd80000,0x00000000ecb80000)
 ParOldGen       total 54272K, used 36331K [0x00000000a0000000, 0x00000000a3500000, 0x00000000e0000000)
  object space 54272K, 66% used [0x00000000a0000000,0x00000000a237af00,0x00000000a3500000)
 Metaspace       used 57374K, capacity 59108K, committed 59160K, reserved 1099776K
  class space    used 7810K, capacity 8223K, committed 8240K, reserved 1048576K
Event: 40.928 GC heap after
Heap after GC invocations=18 (full 3):
 PSYoungGen      total 151552K, used 0K [0x00000000e0000000, 0x00000000ecb80000, 0x0000000100000000)
  eden space 136704K, 0% used [0x00000000e0000000,0x00000000e0000000,0x00000000e8580000)
  from space 14848K, 0% used [0x00000000e8580000,0x00000000e8580000,0x00000000e9400000)
  to   space 14336K, 0% used [0x00000000ebd80000,0x00000000ebd80000,0x00000000ecb80000)
 ParOldGen       total 90112K, used 35281K [0x00000000a0000000, 0x00000000a5800000, 0x00000000e0000000)
  object space 90112K, 39% used [0x00000000a0000000,0x00000000a22746d0,0x00000000a5800000)
 Metaspace       used 57346K, capacity 59030K, committed 59160K, reserved 1099776K
  class space    used 7801K, capacity 8206K, committed 8240K, reserved 1048576K
}
Event: 45.817 GC heap before
{Heap before GC invocations=19 (full 3):
 PSYoungGen      total 151552K, used 136704K [0x00000000e0000000, 0x00000000ecb80000, 0x0000000100000000)
  eden space 136704K, 100% used [0x00000000e0000000,0x00000000e8580000,0x00000000e8580000)
  from space 14848K, 0% used [0x00000000e8580000,0x00000000e8580000,0x00000000e9400000)
  to   space 14336K, 0% used [0x00000000ebd80000,0x00000000ebd80000,0x00000000ecb80000)
 ParOldGen       total 90112K, used 35281K [0x00000000a0000000, 0x00000000a5800000, 0x00000000e0000000)
  object space 90112K, 39% used [0x00000000a0000000,0x00000000a22746d0,0x00000000a5800000)
 Metaspace       used 66853K, capacity 69300K, committed 69528K, reserved 1110016K
  class space    used 9114K, capacity 9639K, committed 9648K, reserved 1048576K
Event: 45.835 GC heap after
Heap after GC invocations=19 (full 3):
 PSYoungGen      total 179712K, used 10463K [0x00000000e0000000, 0x00000000ec800000, 0x0000000100000000)
  eden space 168960K, 0% used [0x00000000e0000000,0x00000000e0000000,0x00000000ea500000)
  from space 10752K, 97% used [0x00000000ebd80000,0x00000000ec7b7fc8,0x00000000ec800000)
  to   space 14848K, 0% used [0x00000000eab00000,0x00000000eab00000,0x00000000eb980000)
 ParOldGen       total 90112K, used 35289K [0x00000000a0000000, 0x00000000a5800000, 0x00000000e0000000)
  object space 90112K, 39% used [0x00000000a0000000,0x00000000a22766d0,0x00000000a5800000)
 Metaspace       used 66853K, capacity 69300K, committed 69528K, reserved 1110016K
  class space    used 9114K, capacity 9639K, committed 9648K, reserved 1048576K
}
Event: 951.157 GC heap before
{Heap before GC invocations=20 (full 3):
 PSYoungGen      total 179712K, used 179423K [0x00000000e0000000, 0x00000000ec800000, 0x0000000100000000)
  eden space 168960K, 100% used [0x00000000e0000000,0x00000000ea500000,0x00000000ea500000)
  from space 10752K, 97% used [0x00000000ebd80000,0x00000000ec7b7fc8,0x00000000ec800000)
  to   space 14848K, 0% used [0x00000000eab00000,0x00000000eab00000,0x00000000eb980000)
 ParOldGen       total 90112K, used 35289K [0x00000000a0000000, 0x00000000a5800000, 0x00000000e0000000)
  object space 90112K, 39% used [0x00000000a0000000,0x00000000a22766d0,0x00000000a5800000)
 Metaspace       used 72642K, capacity 75486K, committed 75544K, reserved 1114112K
  class space    used 9644K, capacity 10246K, committed 10288K, reserved 1048576K
Event: 951.208 GC heap after
Heap after GC invocations=20 (full 3):
 PSYoungGen      total 177152K, used 13918K [0x00000000e0000000, 0x00000000ec000000, 0x0000000100000000)
  eden space 162816K, 0% used [0x00000000e0000000,0x00000000e0000000,0x00000000e9f00000)
  from space 14336K, 97% used [0x00000000eab00000,0x00000000eb897a48,0x00000000eb900000)
  to   space 7168K, 0% used [0x00000000eb900000,0x00000000eb900000,0x00000000ec000000)
 ParOldGen       total 90112K, used 35297K [0x00000000a0000000, 0x00000000a5800000, 0x00000000e0000000)
  object space 90112K, 39% used [0x00000000a0000000,0x00000000a22786d0,0x00000000a5800000)
 Metaspace       used 72642K, capacity 75486K, committed 75544K, reserved 1114112K
  class space    used 9644K, capacity 10246K, committed 10288K, reserved 1048576K
}
Event: 961.213 GC heap before
{Heap before GC invocations=21 (full 3):
 PSYoungGen      total 177152K, used 176734K [0x00000000e0000000, 0x00000000ec000000, 0x0000000100000000)
  eden space 162816K, 100% used [0x00000000e0000000,0x00000000e9f00000,0x00000000e9f00000)
  from space 14336K, 97% used [0x00000000eab00000,0x00000000eb897a48,0x00000000eb900000)
  to   space 7168K, 0% used [0x00000000eb900000,0x00000000eb900000,0x00000000ec000000)
 ParOldGen       total 90112K, used 35297K [0x00000000a0000000, 0x00000000a5800000, 0x00000000e0000000)
  object space 90112K, 39% used [0x00000000a0000000,0x00000000a22786d0,0x00000000a5800000)
 Metaspace       used 78444K, capacity 81344K, committed 81560K, reserved 1120256K
  class space    used 10292K, capacity 10903K, committed 10928K, reserved 1048576K
Event: 961.245 GC heap after
Heap after GC invocations=21 (full 3):
 PSYoungGen      total 163840K, used 7167K [0x00000000e0000000, 0x00000000ec000000, 0x0000000100000000)
  eden space 156672K, 0% used [0x00000000e0000000,0x00000000e0000000,0x00000000e9900000)
  from space 7168K, 99% used [0x00000000eb900000,0x00000000ebfffe08,0x00000000ec000000)
  to   space 19456K, 0% used [0x00000000e9a00000,0x00000000e9a00000,0x00000000ead00000)
 ParOldGen       total 90112K, used 45154K [0x00000000a0000000, 0x00000000a5800000, 0x00000000e0000000)
  object space 90112K, 50% used [0x00000000a0000000,0x00000000a2c18940,0x00000000a5800000)
 Metaspace       used 78444K, capacity 81344K, committed 81560K, reserved 1120256K
  class space    used 10292K, capacity 10903K, committed 10928K, reserved 1048576K
}
Event: 1151.760 GC heap before
{Heap before GC invocations=22 (full 3):
 PSYoungGen      total 163840K, used 163839K [0x00000000e0000000, 0x00000000ec000000, 0x0000000100000000)
  eden space 156672K, 100% used [0x00000000e0000000,0x00000000e9900000,0x00000000e9900000)
  from space 7168K, 99% used [0x00000000eb900000,0x00000000ebfffe08,0x00000000ec000000)
  to   space 19456K, 0% used [0x00000000e9a00000,0x00000000e9a00000,0x00000000ead00000)
 ParOldGen       total 90112K, used 45154K [0x00000000a0000000, 0x00000000a5800000, 0x00000000e0000000)
  object space 90112K, 50% used [0x00000000a0000000,0x00000000a2c18940,0x00000000a5800000)
 Metaspace       used 78834K, capacity 81776K, committed 81816K, reserved 1120256K
  class space    used 10305K, capacity 10921K, committed 10928K, reserved 1048576K
Event: 1151.825 GC heap after
Heap after GC invocations=22 (full 3):
 PSYoungGen      total 159744K, used 8316K [0x00000000e0000000, 0x00000000eb980000, 0x0000000100000000)
  eden space 151040K, 0% used [0x00000000e0000000,0x00000000e0000000,0x00000000e9380000)
  from space 8704K, 95% used [0x00000000e9a00000,0x00000000ea21f190,0x00000000ea280000)
  to   space 18432K, 0% used [0x00000000ea780000,0x00000000ea780000,0x00000000eb980000)
 ParOldGen       total 90112K, used 48655K [0x00000000a0000000, 0x00000000a5800000, 0x00000000e0000000)
  object space 90112K, 53% used [0x00000000a0000000,0x00000000a2f83e00,0x00000000a5800000)
 Metaspace       used 78834K, capacity 81776K, committed 81816K, reserved 1120256K
  class space    used 10305K, capacity 10921K, committed 10928K, reserved 1048576K
}

